# JRE version: Java(TM) SE Runtime Environment (8.0_202-b08) (build 1.8.0_202-b08)
# Java VM: Java HotSpot(TM) 64-Bit Server VM (25.202-b08 mixed mode bsd-amd64 compressed oops)
Heap:
 PSYoungGen      total 336384K, used 35976K [0x00000007aab00000, 0x00000007c0000000, 0x00000007c0000000)
  eden space 324096K, 11% used [0x00000007aab00000,0x00000007ace222d8,0x00000007be780000)
  from space 12288K, 0% used [0x00000007be780000,0x00000007be780000,0x00000007bf380000)
  to   space 12800K, 0% used [0x00000007bf380000,0x00000007bf380000,0x00000007c0000000)
 ParOldGen       total 141312K, used 24767K [0x0000000780000000, 0x0000000788a00000, 0x00000007aab00000)
  object space 141312K, 17% used [0x0000000780000000,0x000000078182fc68,0x0000000788a00000)
 Metaspace       used 55838K, capacity 60104K, committed 60416K, reserved 1101824K
  class space    used 7717K, capacity 8131K, committed 8192K, reserved 1048576K
GC Heap History (10 events):
Event: 3.759 GC heap before
{Heap before GC invocations=6 (full 1):
 PSYoungGen      total 253952K, used 30892K [0x00000007aab00000, 0x00000007bc000000, 0x00000007c0000000)
  eden space 243200K, 8% used [0x00000007aab00000,0x00000007abeb1a38,0x00000007b9880000)
  from space 10752K, 99% used [0x00000007bb580000,0x00000007bbff9798,0x00000007bc000000)
  to   space 10752K, 0% used [0x00000007bab00000,0x00000007bab00000,0x00000007bb580000)
 ParOldGen       total 79360K, used 6251K [0x0000000780000000, 0x0000000784d80000, 0x00000007aab00000)
  object space 79360K, 7% used [0x0000000780000000,0x000000078061acf0,0x0000000784d80000)
 Metaspace       used 33523K, capacity 35380K, committed 35496K, reserved 1079296K
  class space    used 4509K, capacity 4749K, committed 4864K, reserved 1048576K
Event: 3.765 GC heap after
Heap after GC invocations=6 (full 1):
 PSYoungGen      total 272896K, used 6142K [0x00000007aab00000, 0x00000007c0000000, 0x00000007c0000000)
  eden space 262144K, 0% used [0x00000007aab00000,0x00000007aab00000,0x00000007bab00000)
  from space 10752K, 57% used [0x00000007bab00000,0x00000007bb0ff910,0x00000007bb580000)
  to   space 12800K, 0% used [0x00000007bf380000,0x00000007bf380000,0x00000007c0000000)
 ParOldGen       total 79360K, used 6251K [0x0000000780000000, 0x0000000784d80000, 0x00000007aab00000)
  object space 79360K, 7% used [0x0000000780000000,0x000000078061acf0,0x0000000784d80000)
 Metaspace       used 33523K, capacity 35380K, committed 35496K, reserved 1079296K
  class space    used 4509K, capacity 4749K, committed 4864K, reserved 1048576K
}
Event: 3.765 GC heap before
{Heap before GC invocations=7 (full 2):
 PSYoungGen      total 272896K, used 6142K [0x00000007aab00000, 0x00000007c0000000, 0x00000007c0000000)
  eden space 262144K, 0% used [0x00000007aab00000,0x00000007aab00000,0x00000007bab00000)
  from space 10752K, 57% used [0x00000007bab00000,0x00000007bb0ff910,0x00000007bb580000)
  to   space 12800K, 0% used [0x00000007bf380000,0x00000007bf380000,0x00000007c0000000)
 ParOldGen       total 79360K, used 6251K [0x0000000780000000, 0x0000000784d80000, 0x00000007aab00000)
  object space 79360K, 7% used [0x0000000780000000,0x000000078061acf0,0x0000000784d80000)
 Metaspace       used 33523K, capacity 35380K, committed 35496K, reserved 1079296K
  class space    used 4509K, capacity 4749K, committed 4864K, reserved 1048576K
Event: 3.798 GC heap after
Heap after GC invocations=7 (full 2):
 PSYoungGen      total 272896K, used 0K [0x00000007aab00000, 0x00000007c0000000, 0x00000007c0000000)
  eden space 262144K, 0% used [0x00000007aab00000,0x00000007aab00000,0x00000007bab00000)
  from space 10752K, 0% used [0x00000007bab00000,0x00000007bab00000,0x00000007bb580000)
  to   space 12800K, 0% used [0x00000007bf380000,0x00000007bf380000,0x00000007c0000000)
 ParOldGen       total 103936K, used 10629K [0x0000000780000000, 0x0000000786580000, 0x00000007aab00000)
  object space 103936K, 10% used [0x0000000780000000,0x0000000780a61598,0x0000000786580000)
 Metaspace       used 33523K, capacity 35380K, committed 35496K, reserved 1079296K
  class space    used 4509K, capacity 4749K, committed 4864K, reserved 1048576K
}
Event: 5.700 GC heap before
{Heap before GC invocations=8 (full 2):
 PSYoungGen      total 272896K, used 262144K [0x00000007aab00000, 0x00000007c0000000, 0x00000007c0000000)
  eden space 262144K, 100% used [0x00000007aab00000,0x00000007bab00000,0x00000007bab00000)
  from space 10752K, 0% used [0x00000007bab00000,0x00000007bab00000,0x00000007bb580000)
  to   space 12800K, 0% used [0x00000007bf380000,0x00000007bf380000,0x00000007c0000000)
 ParOldGen       total 103936K, used 10629K [0x0000000780000000, 0x0000000786580000, 0x00000007aab00000)
  object space 103936K, 10% used [0x0000000780000000,0x0000000780a61598,0x0000000786580000)
 Metaspace       used 41577K, capacity 44042K, committed 44160K, reserved 1087488K
  class space    used 5671K, capacity 5963K, committed 6016K, reserved 1048576K
Event: 5.707 GC heap after
Heap after GC invocations=8 (full 2):
 PSYoungGen      total 336896K, used 7680K [0x00000007aab00000, 0x00000007c0000000, 0x00000007c0000000)
  eden space 324096K, 0% used [0x00000007aab00000,0x00000007aab00000,0x00000007be780000)
  from space 12800K, 60% used [0x00000007bf380000,0x00000007bfb002d8,0x00000007c0000000)
  to   space 12288K, 0% used [0x00000007be780000,0x00000007be780000,0x00000007bf380000)
 ParOldGen       total 103936K, used 10637K [0x0000000780000000, 0x0000000786580000, 0x00000007aab00000)
  object space 103936K, 10% used [0x0000000780000000,0x0000000780a63598,0x0000000786580000)
 Metaspace       used 41577K, capacity 44042K, committed 44160K, reserved 1087488K
  class space    used 5671K, capacity 5963K, committed 6016K, reserved 1048576K
}
Event: 8.179 GC heap before
{Heap before GC invocations=9 (full 2):
 PSYoungGen      total 336896K, used 317994K [0x00000007aab00000, 0x00000007c0000000, 0x00000007c0000000)
  eden space 324096K, 95% used [0x00000007aab00000,0x00000007bda0a7d8,0x00000007be780000)
  from space 12800K, 60% used [0x00000007bf380000,0x00000007bfb002d8,0x00000007c0000000)
  to   space 12288K, 0% used [0x00000007be780000,0x00000007be780000,0x00000007bf380000)
 ParOldGen       total 103936K, used 10637K [0x0000000780000000, 0x0000000786580000, 0x00000007aab00000)
  object space 103936K, 10% used [0x0000000780000000,0x0000000780a63598,0x0000000786580000)
 Metaspace       used 54893K, capacity 58886K, committed 59136K, reserved 1099776K
  class space    used 7519K, capacity 7908K, committed 7936K, reserved 1048576K
Event: 8.191 GC heap after
Heap after GC invocations=9 (full 2):
 PSYoungGen      total 336384K, used 12256K [0x00000007aab00000, 0x00000007c0000000, 0x00000007c0000000)
  eden space 324096K, 0% used [0x00000007aab00000,0x00000007aab00000,0x00000007be780000)
  from space 12288K, 99% used [0x00000007be780000,0x00000007bf378118,0x00000007bf380000)
  to   space 12800K, 0% used [0x00000007bf380000,0x00000007bf380000,0x00000007c0000000)
 ParOldGen       total 103936K, used 15007K [0x0000000780000000, 0x0000000786580000, 0x00000007aab00000)
  object space 103936K, 14% used [0x0000000780000000,0x0000000780ea7da8,0x0000000786580000)
 Metaspace       used 54893K, capacity 58886K, committed 59136K, reserved 1099776K
  class space    used 7519K, capacity 7908K, committed 7936K, reserved 1048576K
}
Event: 8.191 GC heap before
{Heap before GC invocations=10 (full 3):
 PSYoungGen      total 336384K, used 12256K [0x00000007aab00000, 0x00000007c0000000, 0x00000007c0000000)
  eden space 324096K, 0% used [0x00000007aab00000,0x00000007aab00000,0x00000007be780000)
  from space 12288K, 99% used [0x00000007be780000,0x00000007bf378118,0x00000007bf380000)
  to   space 12800K, 0% used [0x00000007bf380000,0x00000007bf380000,0x00000007c0000000)
 ParOldGen       total 103936K, used 15007K [0x0000000780000000, 0x0000000786580000, 0x00000007aab00000)
  object space 103936K, 14% used [0x0000000780000000,0x0000000780ea7da8,0x0000000786580000)
 Metaspace       used 54893K, capacity 58886K, committed 59136K, reserved 1099776K
  class space    used 7519K, capacity 7908K, committed 7936K, reserved 1048576K
Event: 8.277 GC heap after
Heap after GC invocations=10 (full 3):
 PSYoungGen      total 336384K, used 0K [0x00000007aab00000, 0x00000007c0000000, 0x00000007c0000000)
  eden space 324096K, 0% used [0x00000007aab00000,0x00000007aab00000,0x00000007be780000)
  from space 12288K, 0% used [0x00000007be780000,0x00000007be780000,0x00000007bf380000)
  to   space 12800K, 0% used [0x00000007bf380000,0x00000007bf380000,0x00000007c0000000)
 ParOldGen       total 141312K, used 24767K [0x0000000780000000, 0x0000000788a00000, 0x00000007aab00000)
  object space 141312K, 17% used [0x0000000780000000,0x000000078182fc68,0x0000000788a00000)
 Metaspace       used 54889K, capacity 58880K, committed 59136K, reserved 1099776K
  class space    used 7518K, capacity 7907K, committed 7936K, reserved 1048576K
}

